0 info it worked if it ends with ok
1 verbose cli [ 'node', '/usr/local/bin/npm', 'view' ]
2 info using npm@2.1.18
3 info using node@v0.10.35
4 verbose node symlink /usr/local/bin/node
5 silly mapToRegistry name Drag
6 silly mapToRegistry using default registry
7 silly mapToRegistry registry https://registry.npmjs.org/
8 silly mapToRegistry uri https://registry.npmjs.org/Drag
9 verbose request uri https://registry.npmjs.org/Drag
10 verbose request no auth needed
11 info attempt registry request try #1 at 21:22:21
12 verbose request id 57f002887a2b4efe
13 http request GET https://registry.npmjs.org/Drag
14 http 404 https://registry.npmjs.org/Drag
15 verbose headers { server: 'CouchDB/1.5.0 (Erlang OTP/R16B03)',
15 verbose headers   'content-type': 'application/json',
15 verbose headers   'cache-control': 'max-age=0',
15 verbose headers   'content-length': '51',
15 verbose headers   'accept-ranges': 'bytes',
15 verbose headers   date: 'Thu, 18 Jun 2015 20:22:22 GMT',
15 verbose headers   via: '1.1 varnish',
15 verbose headers   age: '0',
15 verbose headers   connection: 'keep-alive',
15 verbose headers   'x-served-by': 'cache-lhr6335-LHR',
15 verbose headers   'x-cache': 'MISS',
15 verbose headers   'x-cache-hits': '0',
15 verbose headers   'x-timer': 'S1434658942.063052,VS0,VE91' }
16 silly get cb [ 404,
16 silly get   { server: 'CouchDB/1.5.0 (Erlang OTP/R16B03)',
16 silly get     'content-type': 'application/json',
16 silly get     'cache-control': 'max-age=0',
16 silly get     'content-length': '51',
16 silly get     'accept-ranges': 'bytes',
16 silly get     date: 'Thu, 18 Jun 2015 20:22:22 GMT',
16 silly get     via: '1.1 varnish',
16 silly get     age: '0',
16 silly get     connection: 'keep-alive',
16 silly get     'x-served-by': 'cache-lhr6335-LHR',
16 silly get     'x-cache': 'MISS',
16 silly get     'x-cache-hits': '0',
16 silly get     'x-timer': 'S1434658942.063052,VS0,VE91' } ]
17 verbose stack Error: 404 Not Found: Drag
17 verbose stack     at CachingRegistryClient.<anonymous> (/usr/local/lib/node_modules/npm/node_modules/npm-registry-client/lib/request.js:241:14)
17 verbose stack     at Request._callback (/usr/local/lib/node_modules/npm/node_modules/npm-registry-client/lib/request.js:172:14)
17 verbose stack     at Request.self.callback (/usr/local/lib/node_modules/npm/node_modules/request/request.js:373:22)
17 verbose stack     at Request.emit (events.js:98:17)
17 verbose stack     at Request.<anonymous> (/usr/local/lib/node_modules/npm/node_modules/request/request.js:1318:14)
17 verbose stack     at Request.emit (events.js:117:20)
17 verbose stack     at IncomingMessage.<anonymous> (/usr/local/lib/node_modules/npm/node_modules/request/request.js:1266:12)
17 verbose stack     at IncomingMessage.emit (events.js:117:20)
17 verbose stack     at _stream_readable.js:944:16
17 verbose stack     at process._tickCallback (node.js:442:13)
18 verbose statusCode 404
19 verbose pkgid Drag
20 verbose cwd /Users/jasecoop/Repos/img
21 error Darwin 14.0.0
22 error argv "node" "/usr/local/bin/npm" "view"
23 error node v0.10.35
24 error npm  v2.1.18
25 error code E404
26 error 404 Not Found: Drag
26 error 404
26 error 404 'Drag' is not in the npm registry.
26 error 404 You should bug the author to publish it (or use the name yourself!)
26 error 404
26 error 404 Note that you can also install from a
26 error 404 tarball, folder, http url, or git url.
27 verbose exit [ 1, true ]
